\BOOKMARK [0][-]{label:Titlepage.0}{Title Page}{}% 1
\BOOKMARK [0][-]{label:Contents.0}{Indhold}{}% 2
\BOOKMARK [0][-]{chapter.1}{Forord}{}% 3
\BOOKMARK [0][-]{chapter.2}{Indledning}{}% 4
\BOOKMARK [1][-]{section.2.1}{Nytorv f\370r 00'erne}{chapter.2}% 5
\BOOKMARK [1][-]{section.2.2}{Hvorfor f\346rdes der mange mennesker p\345 Nytorv?}{chapter.2}% 6
\BOOKMARK [1][-]{section.2.3}{Shared Space}{chapter.2}% 7
\BOOKMARK [1][-]{section.2.4}{F\370rste Oberservation}{chapter.2}% 8
\BOOKMARK [1][-]{section.2.5}{Interviews af fodg\346ngere}{chapter.2}% 9
\BOOKMARK [0][-]{chapter.3}{Problemformulering}{}% 10
\BOOKMARK [1][-]{section.3.1}{Afgr\346nsning}{chapter.3}% 11
\BOOKMARK [0][-]{chapter.4}{Analyse og resultater}{}% 12
\BOOKMARK [1][-]{section.4.1}{Flowkort}{chapter.4}% 13
\BOOKMARK [1][-]{section.4.2}{Shared Space Nytorv}{chapter.4}% 14
\BOOKMARK [1][-]{section.4.3}{F\370rste Observation}{chapter.4}% 15
\BOOKMARK [1][-]{section.4.4}{Interviews af fodg\346ngere}{chapter.4}% 16
\BOOKMARK [0][-]{chapter.5}{Unders\370gelse af trygheden p\345 Nytorv}{}% 17
\BOOKMARK [1][-]{section.5.1}{Teori og metoder}{chapter.5}% 18
\BOOKMARK [2][-]{subsection.5.1.1}{Hvor anvendes Shared Space?}{section.5.1}% 19
\BOOKMARK [2][-]{subsection.5.1.2}{Trafikm\346ngder og hastigheder}{section.5.1}% 20
\BOOKMARK [2][-]{subsection.5.1.3}{Ens eller dobbeltrettet}{section.5.1}% 21
\BOOKMARK [2][-]{subsection.5.1.4}{Busser og parkering}{section.5.1}% 22
\BOOKMARK [2][-]{subsection.5.1.5}{Eksempler p\345 Shared Space anvendelse}{section.5.1}% 23
\BOOKMARK [2][-]{subsection.5.1.6}{Definition af konflikt}{section.5.1}% 24
\BOOKMARK [2][-]{subsection.5.1.7}{Adf\346rdsstudier}{section.5.1}% 25
\BOOKMARK [2][-]{subsection.5.1.8}{Adf\346rdsregistrering}{section.5.1}% 26
\BOOKMARK [2][-]{subsection.5.1.9}{Trafikt\346llinger}{section.5.1}% 27
\BOOKMARK [2][-]{subsection.5.1.10}{Manuel T\346lling}{section.5.1}% 28
\BOOKMARK [1][-]{section.5.2}{Analyse og resultater}{chapter.5}% 29
\BOOKMARK [1][-]{section.5.3}{Interviews}{chapter.5}% 30
\BOOKMARK [2][-]{subsection.5.3.1}{Anvendelse af interviews i praksis}{section.5.3}% 31
\BOOKMARK [2][-]{subsection.5.3.2}{Form\345lene med interviewene ved Nytorv/\330ster\345gade i Aalborg}{section.5.3}% 32
\BOOKMARK [2][-]{subsection.5.3.3}{Interview resultaterne med forbig\345ende fodg\346ngere og cyklister ved Nytorv/\330ster\345gade i Aalborg}{section.5.3}% 33
