This is pdfTeX, Version 3.14159265-2.6-1.40.16 (TeX Live 2015) (preloaded format=pdflatex 2015.10.26)  3 DEC 2015 13:01
entering extended mode
 restricted \write18 enabled.
 %&-line parsing enabled.
**observationsmetoder.tex
(./observationsmetoder.tex
LaTeX2e <2015/01/01>
Babel <3.9l> and hyphenation patterns for 79 languages loaded.

! LaTeX Error: Missing \begin{document}.

See the LaTeX manual or LaTeX Companion for explanation.
Type  H <return>  for immediate help.
 ...                                              
                                                  
l.34 ~
      \\
You're in trouble here.  Try typing  <return>  to proceed.
If that doesn't work, type  X <return>  to quit.


Overfull \hbox (20.0pt too wide) in paragraph at lines 34--37
[] 
 []

)
! Emergency stop.
<*> observationsmetoder.tex
                           
*** (job aborted, no legal \end found)

 
Here is how much of TeX's memory you used:
 5 strings out of 493089
 175 string characters out of 6134841
 53199 words of memory out of 5000000
 3590 multiletter control sequences out of 15000+600000
 3640 words of font info for 14 fonts, out of 8000000 for 9000
 1141 hyphenation exceptions out of 8191
 8i,0n,4p,919b,14s stack positions out of 5000i,500n,10000p,200000b,80000s
!  ==> Fatal error occurred, no output PDF file produced!
